build/app/outputs/mapping/release/mapping.txt
# compiler: R8
# compiler_version: 1.5.69
# min_api: 21
# pg_map_id: e6e715d
...
com.google.android.gms.cloudmessaging.Rpc -> h.c.a.c.a.d:
    androidx.collection.SimpleArrayMap zze -> a
    android.os.Messenger zzi -> e
    com.google.android.gms.cloudmessaging.zzd zzk -> g
    android.os.Messenger zzj -> f
    android.app.PendingIntent zzb -> i
    android.content.Context zzf -> b
    int zza -> h
    java.util.regex.Pattern zzd -> k
    com.google.android.gms.cloudmessaging.zzt zzg -> c
    java.util.concurrent.ScheduledExecutorService zzh -> d
    java.util.concurrent.Executor zzc -> j
    com.google.android.gms.tasks.Task send(android.os.Bundle) -> a
    com.google.android.gms.tasks.Task zzb(android.os.Bundle,com.google.android.gms.tasks.Task) -> a
    void zzc(com.google.android.gms.cloudmessaging.Rpc,android.os.Message) -> a
    void zzd(java.lang.String,java.util.concurrent.ScheduledFuture,com.google.android.gms.tasks.Task) -> a
    java.lang.String zzf() -> a
    void zzg(android.content.Context,android.content.Intent) -> a
    void zzh(java.lang.String,android.os.Bundle) -> a
    com.google.android.gms.tasks.Task zza(android.os.Bundle) -> b
    com.google.android.gms.tasks.Task zze(android.os.Bundle) -> c
    boolean zzi(android.os.Bundle) -> d
com.google.android.gms.cloudmessaging.zza -> h.c.a.c.a.e:
com.google.android.gms.cloudmessaging.zzaa -> h.c.a.c.a.f:
    com.google.android.gms.cloudmessaging.Rpc zza -> a
com.google.android.gms.cloudmessaging.zzb -> h.c.a.c.a.g:
com.google.android.gms.cloudmessaging.zzc -> h.c.a.c.a.h:
com.google.android.gms.cloudmessaging.zzd -> h.c.a.c.a.i:
    android.os.Messenger zza -> e
    com.google.android.gms.cloudmessaging.IMessengerCompat zzb -> f
    void zzb(android.os.Message) -> a
    android.os.IBinder zza() -> c
com.google.android.gms.cloudmessaging.zze -> h.c.a.c.a.j:
    android.content.Intent zzb -> f
    com.google.android.gms.cloudmessaging.CloudMessagingReceiver zza -> e
    boolean zzd -> h
    android.content.BroadcastReceiver$PendingResult zze -> i
    android.content.Context zzc -> g
com.google.android.gms.cloudmessaging.zzf -> h.c.a.c.a.k:
    com.google.android.gms.cloudmessaging.zzm zza -> e
com.google.android.gms.cloudmessaging.zzg -> h.c.a.c.a.l:
    com.google.android.gms.cloudmessaging.zzm zza -> e
com.google.android.gms.cloudmessaging.zzh -> h.c.a.c.a.m:
    com.google.android.gms.cloudmessaging.zzm zza -> e
com.google.android.gms.cloudmessaging.zzi -> h.c.a.c.a.n:
    com.google.android.gms.cloudmessaging.zzm zza -> e
com.google.android.gms.cloudmessaging.zzj -> h.c.a.c.a.o:
    android.os.IBinder zzb -> f
    com.google.android.gms.cloudmessaging.zzm zza -> e
com.google.android.gms.cloudmessaging.zzk -> h.c.a.c.a.p:
    com.google.android.gms.cloudmessaging.zzp zzb -> f
    com.google.android.gms.cloudmessaging.zzm zza -> e
com.google.android.gms.cloudmessaging.zzl -> h.c.a.c.a.q:
com.google.android.gms.cloudmessaging.zzm -> h.c.a.c.a.r:
    android.os.Messenger zzb -> f
    java.util.Queue zzd -> h
    com.google.android.gms.cloudmessaging.zzs zzf -> j
    com.google.android.gms.cloudmessaging.zzn zzc -> g
    int zza -> e
    android.util.SparseArray zze -> i
    void zza(int,java.lang.String) -> a
    void zzb(int,java.lang.String,java.lang.Throwable) -> a
    void zzc() -> a
    void zze(int) -> a
    boolean zzg(com.google.android.gms.cloudmessaging.zzp) -> a
    void zzd() -> b
    void zzf() -> c
com.google.android.gms.cloudmessaging.zzn -> h.c.a.c.a.s:
    android.os.Messenger zza -> a
    com.google.android.gms.cloudmessaging.zzd zzb -> b
    void zza(android.os.Message) -> a
com.google.android.gms.cloudmessaging.zzo -> h.c.a.c.a.t:
    void zza(android.os.Bundle) -> a
    boolean zzb() -> a